3.0 -1.0 78.5177
1.0 -1.0 79.4844
6.0 -1.0 76.0473
3.0 -2.0 78.9474
1.0 -2.0 79.5918
6.0 -2.0 77.8733
0.0 -1.0 79.4844
0.0 -2.0 78.6251
5.0 -1.0 77.7658
5.0 -2.0 78.4103
3.0 0.0 77.014
1.0 0.0 78.6251
6.0 0.0 76.0473
0.0 0.0 79.377
5.0 0.0 76.0473
2.0 -1.0 79.1622
2.0 -2.0 79.377
2.0 0.0 77.3362
7.0 -1.0 77.3362
7.0 -2.0 77.551
7.0 0.0 76.3695
3.0 -3.0 78.84
1.0 -3.0 78.6251
6.0 -3.0 78.4103
0.0 -3.0 77.8733
5.0 -3.0 79.1622
2.0 -3.0 78.6251
7.0 -3.0 77.8733
-1.0 -1.0 78.7325
-1.0 -2.0 78.0881
-1.0 0.0 79.377
-1.0 -3.0 77.3362
4.0 -1.0 77.8733
4.0 -2.0 78.6251
4.0 0.0 77.014
4.0 -3.0 78.9474
